13G	./data/eval/vqav2/test2015
13G	./data/eval/vqav2
6.3G	./data/eval/pope/val2014
6.3G	./data/eval/pope
12G	./data/eval/gqa/data/train_all_questions
21G	./data/eval/gqa/data/images
11G	./data/eval/gqa/data/train_choices
48G	./data/eval/gqa/data
48G	./data/eval/gqa
72G	./data/eval
9.1G	./data/vg/images.zip
5.1G	./data/vg/images2.zip
15G	./data/vg
6.6G	./data/textvqa/train_val_images.zip
6.6G	./data/textvqa
19G	./data/coco/train2017.zip
19G	./data/coco
21G	./data/gqa/images.zip
21G	./data/gqa
134G	./data
134G	.
